Build started 30/11/2014 8:20:01 PM.
     1>Project "C:\Users\Wang Zhijian\Desktop\CS\General Development\Elsword Development\els\els_login\els_login.vcxproj" on node 2 (Build target(s)).
     1>ClCompile:
         C:\Program Files (x86)\Microsoft Visual Studio 12.0\VC\bin\CL.exe /c /Zi /nologo /W3 /WX- /O2 /Oi /Oy- /GL /D WIN32 /D NDEBUG /D _CONSOLE /D _LIB /D _UNICODE /D UNICODE /Gm- /EHsc /MD /GS /Gy /fp:precise /Zc:wchar_t /Zc:forScope /Fo"Release\\" /Fd"Release\vc120.pdb" /Gd /TP /analyze- /errorReport:prompt Connection.cpp Config.cpp Constants.cpp Crypto.cpp Database.cpp LoginHandler.cpp LoginOpcode.cpp LoginPacket.cpp Random.cpp Server.cpp main.cpp LoginServerHandler.cpp PacketReader.cpp PacketBuilder.cpp Time.cpp
         Connection.cpp
     1>c:\users\wang zhijian\desktop\cs\general development\elsword development\els\els_login\Connection.hpp(3): fatal error C1083: Cannot open include file: 'boost/asio.hpp': No such file or directory
         Config.cpp
         Constants.cpp
         Crypto.cpp
     1>c:\users\wang zhijian\desktop\cs\general development\elsword development\els\els_login\PacketBuilder.hpp(3): fatal error C1083: Cannot open include file: 'boost/shared_array.hpp': No such file or directory
         Database.cpp
     1>c:\users\wang zhijian\desktop\cs\general development\elsword development\els\els_login\Database.hpp(3): fatal error C1083: Cannot open include file: 'mysql_connection.h': No such file or directory
         LoginHandler.cpp
     1>c:\users\wang zhijian\desktop\cs\general development\elsword development\els\els_login\Connection.hpp(3): fatal error C1083: Cannot open include file: 'boost/asio.hpp': No such file or directory
         LoginOpcode.cpp
         LoginPacket.cpp
     1>c:\users\wang zhijian\desktop\cs\general development\elsword development\els\els_login\PacketBuilder.hpp(3): fatal error C1083: Cannot open include file: 'boost/shared_array.hpp': No such file or directory
         Random.cpp
         Server.cpp
     1>c:\users\wang zhijian\desktop\cs\general development\elsword development\els\els_login\Server.hpp(3): fatal error C1083: Cannot open include file: 'boost/asio.hpp': No such file or directory
         main.cpp
     1>c:\users\wang zhijian\desktop\cs\general development\elsword development\els\els_login\Database.hpp(3): fatal error C1083: Cannot open include file: 'mysql_connection.h': No such file or directory
         LoginServerHandler.cpp
     1>c:\users\wang zhijian\desktop\cs\general development\elsword development\els\els_login\Connection.hpp(3): fatal error C1083: Cannot open include file: 'boost/asio.hpp': No such file or directory
         PacketReader.cpp
     1>PacketReader.cpp(35): warning C4293: '<<' : shift count negative or too big, undefined behavior
         PacketBuilder.cpp
     1>c:\users\wang zhijian\desktop\cs\general development\elsword development\els\els_login\PacketBuilder.hpp(3): fatal error C1083: Cannot open include file: 'boost/shared_array.hpp': No such file or directory
         Time.cpp
     1>Done Building Project "C:\Users\Wang Zhijian\Desktop\CS\General Development\Elsword Development\els\els_login\els_login.vcxproj" (Build target(s)) -- FAILED.

Build FAILED.

Time Elapsed 00:00:04.87
